<?xml version="1.0" encoding="UTF-8"?>
<!-- Generated by org.testng.reporters.JUnitReportReporter -->
<testsuite hostname="QT-INBG-LT0449" failures="0" tests="4" name="Scripts.Signin_Srcipt" time="47.493" errors="0" timestamp="2022-09-16T19:10:25 IST" skipped="0">
  <testcase classname="Scripts.Signin_Srcipt" name="sign" time="14.984"/>
  <system-out/>
  <testcase classname="Scripts.Signin_Srcipt" name="sign" time="11.000"/>
  <system-out/>
  <testcase classname="Scripts.Signin_Srcipt" name="sign" time="11.385"/>
  <system-out/>
  <testcase classname="Scripts.Signin_Srcipt" name="sign" time="10.124"/>
  <system-out/>
</testsuite> <!-- Scripts.Signin_Srcipt -->
